<?xml version="1.0" encoding="UTF-8"?>
<!-- Generated by org.testng.reporters.JUnitReportReporter -->
<testsuite skipped="0" hostname="DESKTOP-6SJ6K8U" name="Getdata.Test_get" tests="1" failures="0" timestamp="28 Sep 2020 17:28:06 GMT" time="6.084" errors="0">
  <testcase name="test1" time="6.084" classname="Getdata.Test_get"/>
</testsuite> <!-- Getdata.Test_get -->
