<?xml version="1.0" encoding="UTF-8"?>
<!-- Generated by org.testng.reporters.JUnitReportReporter -->
<testsuite hostname="DESKTOP-OBFKNSO" failures="0" tests="1" name="RestSample.Test_Post" time="0.010" errors="0" timestamp="2023-01-26T18:09:57 IST" skipped="0">
  <testcase classname="RestSample.Test_Post" name="test_01" time="0.010"/>
  <system-out/>
</testsuite> <!-- RestSample.Test_Post -->
