<?xml version="1.0" encoding="UTF-8"?>
<!-- Generated by org.testng.reporters.JUnitReportReporter -->
<testsuite skipped="0" hostname="DESKTOP-6SJ6K8U" name="RestSample.Test_Post" tests="1" failures="0" timestamp="28 Sep 2020 17:40:41 GMT" time="0.021" errors="0">
  <testcase name="test_01" time="0.021" classname="RestSample.Test_Post"/>
</testsuite> <!-- RestSample.Test_Post -->
