<?xml version="1.0" encoding="UTF-8"?>
<!-- Generated by org.testng.reporters.JUnitReportReporter -->
<testsuite hostname="DESKTOP-OBFKNSO" failures="0" tests="1" name="Getdata.Test_get" time="2.960" errors="0" timestamp="2023-01-26T18:08:47 IST" skipped="0">
  <testcase classname="Getdata.Test_get" name="test1" time="2.960"/>
  <system-out/>
</testsuite> <!-- Getdata.Test_get -->
